15:35:24.066 [main] INFO  c.a.n.c.c.i.LocalConfigInfoProcessor - [<clinit>,212] - LOCAL_SNAPSHOT_PATH:/Users/xiaozhou/nacos/config
15:35:24.096 [main] INFO  c.a.n.c.c.i.Limiter - [<clinit>,54] - limitTime:5.0
15:35:24.140 [main] INFO  c.a.n.c.c.u.JvmUtil - [<clinit>,49] - isMultiInstance:false
15:35:24.173 [main] INFO  c.e.s.SpringbootWebsocketDemoApplication - [logStartupProfileInfo,667] - The following profiles are active: dev
15:35:25.682 [main] INFO  o.a.c.h.Http11NioProtocol - [log,173] - Initializing ProtocolHandler ["http-nio-8088"]
15:35:25.683 [main] INFO  o.a.c.c.StandardService - [log,173] - Starting service [Tomcat]
15:35:25.683 [main] INFO  o.a.c.c.StandardEngine - [log,173] - Starting Servlet engine: [Apache Tomcat/9.0.46]
15:35:25.761 [main] INFO  o.a.c.c.C.[.[.[/] - [log,173] - Initializing Spring embedded WebApplicationContext
15:35:26.223 [main] INFO  o.a.c.c.StandardService - [log,173] - Stopping service [Tomcat]
15:45:31.811 [main] INFO  c.a.n.c.c.i.LocalConfigInfoProcessor - [<clinit>,212] - LOCAL_SNAPSHOT_PATH:/Users/xiaozhou/nacos/config
15:45:31.843 [main] INFO  c.a.n.c.c.i.Limiter - [<clinit>,54] - limitTime:5.0
15:45:31.872 [main] INFO  c.a.n.c.c.u.JvmUtil - [<clinit>,49] - isMultiInstance:false
15:45:31.901 [main] INFO  c.e.s.SpringbootWebsocketDemoApplication - [logStartupProfileInfo,667] - The following profiles are active: dev
15:45:33.521 [main] INFO  o.a.c.h.Http11NioProtocol - [log,173] - Initializing ProtocolHandler ["http-nio-8088"]
15:45:33.522 [main] INFO  o.a.c.c.StandardService - [log,173] - Starting service [Tomcat]
15:45:33.522 [main] INFO  o.a.c.c.StandardEngine - [log,173] - Starting Servlet engine: [Apache Tomcat/9.0.46]
15:45:33.602 [main] INFO  o.a.c.c.C.[.[.[/] - [log,173] - Initializing Spring embedded WebApplicationContext
15:45:34.084 [main] INFO  o.a.c.c.StandardService - [log,173] - Stopping service [Tomcat]
15:47:26.596 [main] INFO  c.a.n.c.c.i.LocalConfigInfoProcessor - [<clinit>,212] - LOCAL_SNAPSHOT_PATH:/Users/xiaozhou/nacos/config
15:47:26.633 [main] INFO  c.a.n.c.c.i.Limiter - [<clinit>,54] - limitTime:5.0
15:47:26.667 [main] INFO  c.a.n.c.c.u.JvmUtil - [<clinit>,49] - isMultiInstance:false
15:47:26.701 [main] INFO  c.e.s.SpringbootWebsocketDemoApplication - [logStartupProfileInfo,667] - The following profiles are active: dev
15:47:28.197 [main] INFO  o.a.c.h.Http11NioProtocol - [log,173] - Initializing ProtocolHandler ["http-nio-8088"]
15:47:28.198 [main] INFO  o.a.c.c.StandardService - [log,173] - Starting service [Tomcat]
15:47:28.198 [main] INFO  o.a.c.c.StandardEngine - [log,173] - Starting Servlet engine: [Apache Tomcat/9.0.46]
15:47:28.277 [main] INFO  o.a.c.c.C.[.[.[/] - [log,173] - Initializing Spring embedded WebApplicationContext
15:47:28.523 [main] INFO  o.a.c.c.StandardService - [log,173] - Stopping service [Tomcat]
15:50:55.824 [main] INFO  c.a.n.c.c.i.LocalConfigInfoProcessor - [<clinit>,212] - LOCAL_SNAPSHOT_PATH:/Users/xiaozhou/nacos/config
15:50:55.849 [main] INFO  c.a.n.c.c.i.Limiter - [<clinit>,54] - limitTime:5.0
15:50:55.874 [main] INFO  c.a.n.c.c.u.JvmUtil - [<clinit>,49] - isMultiInstance:false
15:50:55.906 [main] INFO  c.e.s.SpringbootWebsocketDemoApplication - [logStartupProfileInfo,667] - The following profiles are active: dev
15:50:57.388 [main] INFO  o.a.c.h.Http11NioProtocol - [log,173] - Initializing ProtocolHandler ["http-nio-8088"]
15:50:57.389 [main] INFO  o.a.c.c.StandardService - [log,173] - Starting service [Tomcat]
15:50:57.389 [main] INFO  o.a.c.c.StandardEngine - [log,173] - Starting Servlet engine: [Apache Tomcat/9.0.46]
15:50:57.472 [main] INFO  o.a.c.c.C.[.[.[/] - [log,173] - Initializing Spring embedded WebApplicationContext
15:50:57.936 [main] INFO  o.a.c.c.StandardService - [log,173] - Stopping service [Tomcat]
15:59:24.744 [main] INFO  c.a.n.c.c.i.LocalConfigInfoProcessor - [<clinit>,212] - LOCAL_SNAPSHOT_PATH:/Users/xiaozhou/nacos/config
15:59:24.776 [main] INFO  c.a.n.c.c.i.Limiter - [<clinit>,54] - limitTime:5.0
15:59:24.804 [main] INFO  c.a.n.c.c.u.JvmUtil - [<clinit>,49] - isMultiInstance:false
15:59:24.836 [main] INFO  c.e.s.SpringbootWebsocketDemoApplication - [logStartupProfileInfo,667] - The following profiles are active: dev
15:59:26.296 [main] INFO  o.a.c.h.Http11NioProtocol - [log,173] - Initializing ProtocolHandler ["http-nio-8088"]
15:59:26.297 [main] INFO  o.a.c.c.StandardService - [log,173] - Starting service [Tomcat]
15:59:26.297 [main] INFO  o.a.c.c.StandardEngine - [log,173] - Starting Servlet engine: [Apache Tomcat/9.0.46]
15:59:26.368 [main] INFO  o.a.c.c.C.[.[.[/] - [log,173] - Initializing Spring embedded WebApplicationContext
15:59:26.892 [main] INFO  o.a.c.c.StandardService - [log,173] - Stopping service [Tomcat]
16:00:53.965 [main] INFO  c.a.n.c.c.i.LocalConfigInfoProcessor - [<clinit>,212] - LOCAL_SNAPSHOT_PATH:/Users/xiaozhou/nacos/config
16:00:53.993 [main] INFO  c.a.n.c.c.i.Limiter - [<clinit>,54] - limitTime:5.0
16:00:54.020 [main] INFO  c.a.n.c.c.u.JvmUtil - [<clinit>,49] - isMultiInstance:false
16:00:54.048 [main] INFO  c.e.s.SpringbootWebsocketDemoApplication - [logStartupProfileInfo,667] - The following profiles are active: dev
16:00:55.446 [main] INFO  o.a.c.h.Http11NioProtocol - [log,173] - Initializing ProtocolHandler ["http-nio-8088"]
16:00:55.447 [main] INFO  o.a.c.c.StandardService - [log,173] - Starting service [Tomcat]
16:00:55.447 [main] INFO  o.a.c.c.StandardEngine - [log,173] - Starting Servlet engine: [Apache Tomcat/9.0.46]
16:00:55.523 [main] INFO  o.a.c.c.C.[.[.[/] - [log,173] - Initializing Spring embedded WebApplicationContext
16:00:55.770 [main] INFO  o.a.c.c.StandardService - [log,173] - Stopping service [Tomcat]
16:02:38.285 [main] INFO  c.a.n.c.c.i.LocalConfigInfoProcessor - [<clinit>,212] - LOCAL_SNAPSHOT_PATH:/Users/xiaozhou/nacos/config
16:02:38.315 [main] INFO  c.a.n.c.c.i.Limiter - [<clinit>,54] - limitTime:5.0
16:02:38.348 [main] INFO  c.a.n.c.c.u.JvmUtil - [<clinit>,49] - isMultiInstance:false
16:02:38.384 [main] INFO  c.e.s.SpringbootWebsocketDemoApplication - [logStartupProfileInfo,667] - The following profiles are active: dev
16:02:39.876 [main] INFO  o.a.c.h.Http11NioProtocol - [log,173] - Initializing ProtocolHandler ["http-nio-8088"]
16:02:39.876 [main] INFO  o.a.c.c.StandardService - [log,173] - Starting service [Tomcat]
16:02:39.877 [main] INFO  o.a.c.c.StandardEngine - [log,173] - Starting Servlet engine: [Apache Tomcat/9.0.46]
16:02:39.952 [main] INFO  o.a.c.c.C.[.[.[/] - [log,173] - Initializing Spring embedded WebApplicationContext
16:02:40.187 [main] INFO  o.a.c.c.StandardService - [log,173] - Stopping service [Tomcat]
16:03:03.534 [main] INFO  c.a.n.c.c.i.LocalConfigInfoProcessor - [<clinit>,212] - LOCAL_SNAPSHOT_PATH:/Users/xiaozhou/nacos/config
16:03:03.562 [main] INFO  c.a.n.c.c.i.Limiter - [<clinit>,54] - limitTime:5.0
16:03:03.589 [main] INFO  c.a.n.c.c.u.JvmUtil - [<clinit>,49] - isMultiInstance:false
16:03:03.620 [main] INFO  c.e.s.SpringbootWebsocketDemoApplication - [logStartupProfileInfo,667] - The following profiles are active: dev
16:03:05.106 [main] INFO  o.a.c.h.Http11NioProtocol - [log,173] - Initializing ProtocolHandler ["http-nio-8088"]
16:03:05.107 [main] INFO  o.a.c.c.StandardService - [log,173] - Starting service [Tomcat]
16:03:05.107 [main] INFO  o.a.c.c.StandardEngine - [log,173] - Starting Servlet engine: [Apache Tomcat/9.0.46]
16:03:05.175 [main] INFO  o.a.c.c.C.[.[.[/] - [log,173] - Initializing Spring embedded WebApplicationContext
16:03:05.388 [main] INFO  o.a.c.c.StandardService - [log,173] - Stopping service [Tomcat]
16:03:42.052 [main] INFO  c.a.n.c.c.i.LocalConfigInfoProcessor - [<clinit>,212] - LOCAL_SNAPSHOT_PATH:/Users/xiaozhou/nacos/config
16:03:42.077 [main] INFO  c.a.n.c.c.i.Limiter - [<clinit>,54] - limitTime:5.0
16:03:42.102 [main] INFO  c.a.n.c.c.u.JvmUtil - [<clinit>,49] - isMultiInstance:false
16:03:42.134 [main] INFO  c.e.s.SpringbootWebsocketDemoApplication - [logStartupProfileInfo,667] - The following profiles are active: dev
16:03:43.733 [main] INFO  o.a.c.h.Http11NioProtocol - [log,173] - Initializing ProtocolHandler ["http-nio-8088"]
16:03:43.733 [main] INFO  o.a.c.c.StandardService - [log,173] - Starting service [Tomcat]
16:03:43.733 [main] INFO  o.a.c.c.StandardEngine - [log,173] - Starting Servlet engine: [Apache Tomcat/9.0.46]
16:03:43.812 [main] INFO  o.a.c.c.C.[.[.[/] - [log,173] - Initializing Spring embedded WebApplicationContext
16:03:44.082 [main] INFO  o.a.c.c.StandardService - [log,173] - Stopping service [Tomcat]
16:04:37.248 [main] INFO  c.a.n.c.c.i.LocalConfigInfoProcessor - [<clinit>,212] - LOCAL_SNAPSHOT_PATH:/Users/xiaozhou/nacos/config
16:04:37.279 [main] INFO  c.a.n.c.c.i.Limiter - [<clinit>,54] - limitTime:5.0
16:04:37.309 [main] INFO  c.a.n.c.c.u.JvmUtil - [<clinit>,49] - isMultiInstance:false
16:04:37.341 [main] INFO  c.e.s.SpringbootWebsocketDemoApplication - [logStartupProfileInfo,667] - The following profiles are active: dev
16:04:38.792 [main] INFO  o.a.c.h.Http11NioProtocol - [log,173] - Initializing ProtocolHandler ["http-nio-8088"]
16:04:38.793 [main] INFO  o.a.c.c.StandardService - [log,173] - Starting service [Tomcat]
16:04:38.793 [main] INFO  o.a.c.c.StandardEngine - [log,173] - Starting Servlet engine: [Apache Tomcat/9.0.46]
16:04:38.868 [main] INFO  o.a.c.c.C.[.[.[/] - [log,173] - Initializing Spring embedded WebApplicationContext
16:04:39.323 [main] INFO  o.a.c.c.StandardService - [log,173] - Stopping service [Tomcat]
16:06:03.889 [main] INFO  c.a.n.c.c.i.LocalConfigInfoProcessor - [<clinit>,212] - LOCAL_SNAPSHOT_PATH:/Users/xiaozhou/nacos/config
16:06:03.914 [main] INFO  c.a.n.c.c.i.Limiter - [<clinit>,54] - limitTime:5.0
16:06:03.938 [main] INFO  c.a.n.c.c.u.JvmUtil - [<clinit>,49] - isMultiInstance:false
16:06:03.967 [main] INFO  c.e.s.SpringbootWebsocketDemoApplication - [logStartupProfileInfo,667] - The following profiles are active: dev
16:06:05.417 [main] INFO  o.a.c.h.Http11NioProtocol - [log,173] - Initializing ProtocolHandler ["http-nio-8088"]
16:06:05.419 [main] INFO  o.a.c.c.StandardService - [log,173] - Starting service [Tomcat]
16:06:05.419 [main] INFO  o.a.c.c.StandardEngine - [log,173] - Starting Servlet engine: [Apache Tomcat/9.0.46]
16:06:05.495 [main] INFO  o.a.c.c.C.[.[.[/] - [log,173] - Initializing Spring embedded WebApplicationContext
16:06:05.727 [main] INFO  o.a.c.c.StandardService - [log,173] - Stopping service [Tomcat]
16:12:36.305 [main] INFO  c.a.n.c.c.i.LocalConfigInfoProcessor - [<clinit>,212] - LOCAL_SNAPSHOT_PATH:/Users/xiaozhou/nacos/config
16:12:36.336 [main] INFO  c.a.n.c.c.i.Limiter - [<clinit>,54] - limitTime:5.0
16:12:36.365 [main] INFO  c.a.n.c.c.u.JvmUtil - [<clinit>,49] - isMultiInstance:false
16:12:36.400 [main] INFO  c.e.s.SpringbootWebsocketDemoApplication - [logStartupProfileInfo,667] - The following profiles are active: dev
16:12:37.881 [main] INFO  o.a.c.h.Http11NioProtocol - [log,173] - Initializing ProtocolHandler ["http-nio-8088"]
16:12:37.882 [main] INFO  o.a.c.c.StandardService - [log,173] - Starting service [Tomcat]
16:12:37.882 [main] INFO  o.a.c.c.StandardEngine - [log,173] - Starting Servlet engine: [Apache Tomcat/9.0.46]
16:12:37.953 [main] INFO  o.a.c.c.C.[.[.[/] - [log,173] - Initializing Spring embedded WebApplicationContext
16:12:38.395 [main] INFO  o.a.c.c.StandardService - [log,173] - Stopping service [Tomcat]
16:23:21.397 [main] INFO  c.a.n.c.c.i.LocalConfigInfoProcessor - [<clinit>,212] - LOCAL_SNAPSHOT_PATH:/Users/xiaozhou/nacos/config
16:23:21.541 [main] INFO  c.a.n.c.c.i.Limiter - [<clinit>,54] - limitTime:5.0
16:23:21.643 [main] INFO  c.a.n.c.c.u.JvmUtil - [<clinit>,49] - isMultiInstance:false
16:23:21.953 [main] INFO  c.e.s.SpringbootWebsocketDemoApplication - [logStartupProfileInfo,667] - The following profiles are active: dev
16:24:53.534 [main] INFO  o.a.c.h.Http11NioProtocol - [log,173] - Initializing ProtocolHandler ["http-nio-8088"]
16:24:53.535 [main] INFO  o.a.c.c.StandardService - [log,173] - Starting service [Tomcat]
16:24:53.536 [main] INFO  o.a.c.c.StandardEngine - [log,173] - Starting Servlet engine: [Apache Tomcat/9.0.46]
16:24:53.627 [main] INFO  o.a.c.c.C.[.[.[/] - [log,173] - Initializing Spring embedded WebApplicationContext
16:24:54.237 [main] INFO  o.a.c.c.StandardService - [log,173] - Stopping service [Tomcat]
16:26:06.704 [main] INFO  c.a.n.c.c.i.LocalConfigInfoProcessor - [<clinit>,212] - LOCAL_SNAPSHOT_PATH:/Users/xiaozhou/nacos/config
16:26:06.730 [main] INFO  c.a.n.c.c.i.Limiter - [<clinit>,54] - limitTime:5.0
16:26:06.754 [main] INFO  c.a.n.c.c.u.JvmUtil - [<clinit>,49] - isMultiInstance:false
16:26:06.782 [main] INFO  c.e.s.SpringbootWebsocketDemoApplication - [logStartupProfileInfo,667] - The following profiles are active: dev
16:26:08.229 [main] INFO  o.a.c.h.Http11NioProtocol - [log,173] - Initializing ProtocolHandler ["http-nio-8088"]
16:26:08.230 [main] INFO  o.a.c.c.StandardService - [log,173] - Starting service [Tomcat]
16:26:08.230 [main] INFO  o.a.c.c.StandardEngine - [log,173] - Starting Servlet engine: [Apache Tomcat/9.0.46]
16:26:08.300 [main] INFO  o.a.c.c.C.[.[.[/] - [log,173] - Initializing Spring embedded WebApplicationContext
16:26:08.680 [main] INFO  c.a.n.client.naming - [call,65] - initializer namespace from System Property :null
16:26:08.680 [main] INFO  c.a.n.client.naming - [call,74] - initializer namespace from System Environment :null
16:26:08.681 [main] INFO  c.a.n.client.naming - [call,84] - initializer namespace from System Property :null
16:26:08.774 [main] INFO  c.e.s.c.DruidConfig - [dataSource,83] - database's url is jdbc:mysql://139.196.221.175:3306/netty_websocket?useUnicode=true&characterEncoding=UTF-8&serverTimezone=GMT%2b8&useSSL=true&tinyInt1isBit=false&useSSL=false
16:26:08.809 [main] INFO  c.e.s.c.DruidConfig - [dataSource,111] - <----------- The dataSource initialization is complete ---------->
16:26:08.952 [main] INFO  c.a.d.p.DruidDataSource - [close,2043] - {dataSource-1} closing ...
16:26:08.952 [main] INFO  c.a.d.p.DruidDataSource - [close,2116] - {dataSource-1} closed
16:26:08.953 [main] INFO  o.a.c.c.StandardService - [log,173] - Stopping service [Tomcat]
16:27:28.132 [main] INFO  c.a.n.c.c.i.LocalConfigInfoProcessor - [<clinit>,212] - LOCAL_SNAPSHOT_PATH:/Users/xiaozhou/nacos/config
16:27:28.158 [main] INFO  c.a.n.c.c.i.Limiter - [<clinit>,54] - limitTime:5.0
16:27:28.186 [main] INFO  c.a.n.c.c.u.JvmUtil - [<clinit>,49] - isMultiInstance:false
16:27:28.219 [main] INFO  c.e.s.SpringbootWebsocketDemoApplication - [logStartupProfileInfo,667] - The following profiles are active: dev
16:27:29.667 [main] INFO  o.a.c.h.Http11NioProtocol - [log,173] - Initializing ProtocolHandler ["http-nio-8088"]
16:27:29.667 [main] INFO  o.a.c.c.StandardService - [log,173] - Starting service [Tomcat]
16:27:29.667 [main] INFO  o.a.c.c.StandardEngine - [log,173] - Starting Servlet engine: [Apache Tomcat/9.0.46]
16:27:29.746 [main] INFO  o.a.c.c.C.[.[.[/] - [log,173] - Initializing Spring embedded WebApplicationContext
16:27:30.112 [main] INFO  c.a.n.client.naming - [call,65] - initializer namespace from System Property :null
16:27:30.112 [main] INFO  c.a.n.client.naming - [call,74] - initializer namespace from System Environment :null
16:27:30.113 [main] INFO  c.a.n.client.naming - [call,84] - initializer namespace from System Property :null
16:27:30.212 [main] INFO  c.e.s.c.DruidConfig - [dataSource,83] - database's url is jdbc:mysql://139.196.221.175:3306/netty_websocket?useUnicode=true&characterEncoding=UTF-8&serverTimezone=GMT%2b8&useSSL=true&tinyInt1isBit=false&useSSL=false
16:36:07.824 [main] INFO  c.e.s.c.DruidConfig - [dataSource,111] - <----------- The dataSource initialization is complete ---------->
16:36:08.299 [main] INFO  c.a.d.p.DruidDataSource - [close,2043] - {dataSource-2} closing ...
16:36:08.300 [main] INFO  c.a.d.p.DruidDataSource - [close,2116] - {dataSource-2} closed
16:36:08.301 [main] INFO  o.a.c.c.StandardService - [log,173] - Stopping service [Tomcat]
16:36:43.580 [main] INFO  c.a.n.c.c.i.LocalConfigInfoProcessor - [<clinit>,212] - LOCAL_SNAPSHOT_PATH:/Users/xiaozhou/nacos/config
16:36:43.609 [main] INFO  c.a.n.c.c.i.Limiter - [<clinit>,54] - limitTime:5.0
16:36:43.641 [main] INFO  c.a.n.c.c.u.JvmUtil - [<clinit>,49] - isMultiInstance:false
16:36:43.674 [main] INFO  c.e.s.SpringbootWebsocketDemoApplication - [logStartupProfileInfo,667] - The following profiles are active: dev
16:36:45.095 [main] INFO  o.a.c.h.Http11NioProtocol - [log,173] - Initializing ProtocolHandler ["http-nio-8088"]
16:36:45.096 [main] INFO  o.a.c.c.StandardService - [log,173] - Starting service [Tomcat]
16:36:45.096 [main] INFO  o.a.c.c.StandardEngine - [log,173] - Starting Servlet engine: [Apache Tomcat/9.0.46]
16:36:45.177 [main] INFO  o.a.c.c.C.[.[.[/] - [log,173] - Initializing Spring embedded WebApplicationContext
16:36:45.561 [main] INFO  c.a.n.client.naming - [call,65] - initializer namespace from System Property :null
16:36:45.561 [main] INFO  c.a.n.client.naming - [call,74] - initializer namespace from System Environment :null
16:36:45.562 [main] INFO  c.a.n.client.naming - [call,84] - initializer namespace from System Property :null
16:36:45.660 [main] INFO  c.e.s.c.DruidConfig - [dataSource,83] - database's url is jdbc:mysql://139.196.221.175:3306/netty_websocket?useUnicode=true&characterEncoding=UTF-8&serverTimezone=GMT%2b8&useSSL=true&tinyInt1isBit=false&useSSL=false
16:36:48.284 [main] INFO  c.a.d.p.DruidDataSource - [init,990] - {dataSource-1} inited
16:36:48.285 [main] INFO  c.e.s.c.DruidConfig - [dataSource,111] - <----------- The dataSource initialization is complete ---------->
16:36:48.410 [main] INFO  c.a.d.p.DruidDataSource - [close,2043] - {dataSource-1} closing ...
16:36:48.416 [main] INFO  c.a.d.p.DruidDataSource - [close,2116] - {dataSource-1} closed
16:36:48.417 [main] INFO  o.a.c.c.StandardService - [log,173] - Stopping service [Tomcat]
16:40:18.586 [main] INFO  c.a.n.c.c.i.LocalConfigInfoProcessor - [<clinit>,212] - LOCAL_SNAPSHOT_PATH:/Users/xiaozhou/nacos/config
16:40:18.630 [main] INFO  c.a.n.c.c.i.Limiter - [<clinit>,54] - limitTime:5.0
16:40:18.661 [main] INFO  c.a.n.c.c.u.JvmUtil - [<clinit>,49] - isMultiInstance:false
16:40:18.702 [main] INFO  c.e.s.SpringbootWebsocketDemoApplication - [logStartupProfileInfo,667] - The following profiles are active: dev
16:40:20.160 [main] INFO  o.a.c.h.Http11NioProtocol - [log,173] - Initializing ProtocolHandler ["http-nio-8088"]
16:40:20.161 [main] INFO  o.a.c.c.StandardService - [log,173] - Starting service [Tomcat]
16:40:20.161 [main] INFO  o.a.c.c.StandardEngine - [log,173] - Starting Servlet engine: [Apache Tomcat/9.0.46]
16:40:20.234 [main] INFO  o.a.c.c.C.[.[.[/] - [log,173] - Initializing Spring embedded WebApplicationContext
16:40:20.603 [main] INFO  c.a.n.client.naming - [call,65] - initializer namespace from System Property :null
16:40:20.604 [main] INFO  c.a.n.client.naming - [call,74] - initializer namespace from System Environment :null
16:40:20.604 [main] INFO  c.a.n.client.naming - [call,84] - initializer namespace from System Property :null
16:40:20.696 [main] INFO  c.e.s.c.DruidConfig - [dataSource,83] - database's url is jdbc:mysql://139.196.221.175:3306/netty_websocket?useUnicode=true&characterEncoding=UTF-8&serverTimezone=GMT%2b8&useSSL=true&tinyInt1isBit=false&useSSL=false
16:40:23.353 [main] INFO  c.a.d.p.DruidDataSource - [init,990] - {dataSource-1} inited
16:40:23.354 [main] INFO  c.e.s.c.DruidConfig - [dataSource,111] - <----------- The dataSource initialization is complete ---------->
16:40:23.503 [main] INFO  c.a.d.p.DruidDataSource - [close,2043] - {dataSource-1} closing ...
16:40:23.509 [main] INFO  c.a.d.p.DruidDataSource - [close,2116] - {dataSource-1} closed
16:40:23.510 [main] INFO  o.a.c.c.StandardService - [log,173] - Stopping service [Tomcat]
16:44:17.321 [main] INFO  c.a.n.c.c.i.LocalConfigInfoProcessor - [<clinit>,212] - LOCAL_SNAPSHOT_PATH:/Users/xiaozhou/nacos/config
16:44:17.349 [main] INFO  c.a.n.c.c.i.Limiter - [<clinit>,54] - limitTime:5.0
16:44:17.375 [main] INFO  c.a.n.c.c.u.JvmUtil - [<clinit>,49] - isMultiInstance:false
16:44:17.407 [main] INFO  c.e.s.SpringbootWebsocketDemoApplication - [logStartupProfileInfo,667] - The following profiles are active: dev
16:44:18.888 [main] INFO  o.a.c.h.Http11NioProtocol - [log,173] - Initializing ProtocolHandler ["http-nio-8088"]
16:44:18.889 [main] INFO  o.a.c.c.StandardService - [log,173] - Starting service [Tomcat]
16:44:18.889 [main] INFO  o.a.c.c.StandardEngine - [log,173] - Starting Servlet engine: [Apache Tomcat/9.0.46]
16:44:18.964 [main] INFO  o.a.c.c.C.[.[.[/] - [log,173] - Initializing Spring embedded WebApplicationContext
16:44:19.342 [main] INFO  c.a.n.client.naming - [call,65] - initializer namespace from System Property :null
16:44:19.343 [main] INFO  c.a.n.client.naming - [call,74] - initializer namespace from System Environment :null
16:44:19.343 [main] INFO  c.a.n.client.naming - [call,84] - initializer namespace from System Property :null
16:44:19.768 [main] INFO  o.a.c.c.StandardService - [log,173] - Stopping service [Tomcat]
16:46:27.837 [main] INFO  c.a.n.c.c.i.LocalConfigInfoProcessor - [<clinit>,212] - LOCAL_SNAPSHOT_PATH:/Users/xiaozhou/nacos/config
16:46:27.862 [main] INFO  c.a.n.c.c.i.Limiter - [<clinit>,54] - limitTime:5.0
16:46:27.887 [main] INFO  c.a.n.c.c.u.JvmUtil - [<clinit>,49] - isMultiInstance:false
16:46:27.916 [main] INFO  c.e.s.SpringbootWebsocketDemoApplication - [logStartupProfileInfo,667] - The following profiles are active: dev
16:46:29.317 [main] INFO  o.a.c.h.Http11NioProtocol - [log,173] - Initializing ProtocolHandler ["http-nio-8088"]
16:46:29.318 [main] INFO  o.a.c.c.StandardService - [log,173] - Starting service [Tomcat]
16:46:29.318 [main] INFO  o.a.c.c.StandardEngine - [log,173] - Starting Servlet engine: [Apache Tomcat/9.0.46]
16:46:29.390 [main] INFO  o.a.c.c.C.[.[.[/] - [log,173] - Initializing Spring embedded WebApplicationContext
16:46:29.750 [main] INFO  c.a.n.client.naming - [call,65] - initializer namespace from System Property :null
16:46:29.751 [main] INFO  c.a.n.client.naming - [call,74] - initializer namespace from System Environment :null
16:46:29.751 [main] INFO  c.a.n.client.naming - [call,84] - initializer namespace from System Property :null
16:46:29.950 [main] INFO  o.a.c.c.StandardService - [log,173] - Stopping service [Tomcat]
16:49:55.447 [main] INFO  c.a.n.c.c.i.LocalConfigInfoProcessor - [<clinit>,212] - LOCAL_SNAPSHOT_PATH:/Users/xiaozhou/nacos/config
16:49:55.472 [main] INFO  c.a.n.c.c.i.Limiter - [<clinit>,54] - limitTime:5.0
16:49:55.495 [main] INFO  c.a.n.c.c.u.JvmUtil - [<clinit>,49] - isMultiInstance:false
16:49:55.525 [main] INFO  c.e.s.SpringbootWebsocketDemoApplication - [logStartupProfileInfo,667] - The following profiles are active: dev
16:49:56.937 [main] INFO  o.a.c.h.Http11NioProtocol - [log,173] - Initializing ProtocolHandler ["http-nio-8088"]
16:49:56.938 [main] INFO  o.a.c.c.StandardService - [log,173] - Starting service [Tomcat]
16:49:56.938 [main] INFO  o.a.c.c.StandardEngine - [log,173] - Starting Servlet engine: [Apache Tomcat/9.0.46]
16:49:57.015 [main] INFO  o.a.c.c.C.[.[.[/] - [log,173] - Initializing Spring embedded WebApplicationContext
16:49:57.384 [main] INFO  c.a.n.client.naming - [call,65] - initializer namespace from System Property :null
16:49:57.385 [main] INFO  c.a.n.client.naming - [call,74] - initializer namespace from System Environment :null
16:49:57.385 [main] INFO  c.a.n.client.naming - [call,84] - initializer namespace from System Property :null
16:49:57.805 [main] INFO  o.a.c.c.StandardService - [log,173] - Stopping service [Tomcat]
16:51:01.570 [main] INFO  c.a.n.c.c.i.LocalConfigInfoProcessor - [<clinit>,212] - LOCAL_SNAPSHOT_PATH:/Users/xiaozhou/nacos/config
16:51:01.598 [main] INFO  c.a.n.c.c.i.Limiter - [<clinit>,54] - limitTime:5.0
16:51:01.624 [main] INFO  c.a.n.c.c.u.JvmUtil - [<clinit>,49] - isMultiInstance:false
16:51:01.659 [main] INFO  c.e.s.SpringbootWebsocketDemoApplication - [logStartupProfileInfo,667] - The following profiles are active: dev
16:51:03.233 [main] INFO  o.a.c.h.Http11NioProtocol - [log,173] - Initializing ProtocolHandler ["http-nio-8088"]
16:51:03.234 [main] INFO  o.a.c.c.StandardService - [log,173] - Starting service [Tomcat]
16:51:03.234 [main] INFO  o.a.c.c.StandardEngine - [log,173] - Starting Servlet engine: [Apache Tomcat/9.0.46]
16:51:03.306 [main] INFO  o.a.c.c.C.[.[.[/] - [log,173] - Initializing Spring embedded WebApplicationContext
16:51:03.687 [main] INFO  c.a.n.client.naming - [call,65] - initializer namespace from System Property :null
16:51:03.688 [main] INFO  c.a.n.client.naming - [call,74] - initializer namespace from System Environment :null
16:51:03.688 [main] INFO  c.a.n.client.naming - [call,84] - initializer namespace from System Property :null
16:51:03.916 [main] INFO  o.a.c.c.StandardService - [log,173] - Stopping service [Tomcat]
16:55:13.904 [main] INFO  c.a.n.c.c.i.LocalConfigInfoProcessor - [<clinit>,212] - LOCAL_SNAPSHOT_PATH:/Users/xiaozhou/nacos/config
16:55:13.931 [main] INFO  c.a.n.c.c.i.Limiter - [<clinit>,54] - limitTime:5.0
16:55:13.959 [main] INFO  c.a.n.c.c.u.JvmUtil - [<clinit>,49] - isMultiInstance:false
16:55:13.991 [main] INFO  c.e.s.SpringbootWebsocketDemoApplication - [logStartupProfileInfo,667] - The following profiles are active: dev
16:55:15.538 [main] INFO  o.a.c.h.Http11NioProtocol - [log,173] - Initializing ProtocolHandler ["http-nio-8088"]
16:55:15.539 [main] INFO  o.a.c.c.StandardService - [log,173] - Starting service [Tomcat]
16:55:15.539 [main] INFO  o.a.c.c.StandardEngine - [log,173] - Starting Servlet engine: [Apache Tomcat/9.0.46]
16:55:15.617 [main] INFO  o.a.c.c.C.[.[.[/] - [log,173] - Initializing Spring embedded WebApplicationContext
16:55:15.980 [main] INFO  c.a.n.client.naming - [call,65] - initializer namespace from System Property :null
16:55:15.981 [main] INFO  c.a.n.client.naming - [call,74] - initializer namespace from System Environment :null
16:55:15.981 [main] INFO  c.a.n.client.naming - [call,84] - initializer namespace from System Property :null
16:55:16.408 [main] INFO  o.a.c.c.StandardService - [log,173] - Stopping service [Tomcat]
16:55:34.345 [main] INFO  c.a.n.c.c.i.LocalConfigInfoProcessor - [<clinit>,212] - LOCAL_SNAPSHOT_PATH:/Users/xiaozhou/nacos/config
16:55:34.374 [main] INFO  c.a.n.c.c.i.Limiter - [<clinit>,54] - limitTime:5.0
16:55:34.401 [main] INFO  c.a.n.c.c.u.JvmUtil - [<clinit>,49] - isMultiInstance:false
16:55:34.435 [main] INFO  c.e.s.SpringbootWebsocketDemoApplication - [logStartupProfileInfo,667] - The following profiles are active: dev
16:55:35.802 [main] INFO  o.a.c.h.Http11NioProtocol - [log,173] - Initializing ProtocolHandler ["http-nio-8088"]
16:55:35.802 [main] INFO  o.a.c.c.StandardService - [log,173] - Starting service [Tomcat]
16:55:35.803 [main] INFO  o.a.c.c.StandardEngine - [log,173] - Starting Servlet engine: [Apache Tomcat/9.0.46]
16:55:35.873 [main] INFO  o.a.c.c.C.[.[.[/] - [log,173] - Initializing Spring embedded WebApplicationContext
16:55:42.816 [main] INFO  c.a.n.client.naming - [call,65] - initializer namespace from System Property :null
16:55:42.818 [main] INFO  c.a.n.client.naming - [call,74] - initializer namespace from System Environment :null
16:55:42.820 [main] INFO  c.a.n.client.naming - [call,84] - initializer namespace from System Property :null
16:57:58.396 [main] INFO  o.a.c.c.StandardService - [log,173] - Stopping service [Tomcat]
17:02:29.534 [main] INFO  c.a.n.c.c.i.LocalConfigInfoProcessor - [<clinit>,212] - LOCAL_SNAPSHOT_PATH:/Users/xiaozhou/nacos/config
17:02:29.563 [main] INFO  c.a.n.c.c.i.Limiter - [<clinit>,54] - limitTime:5.0
17:02:29.591 [main] INFO  c.a.n.c.c.u.JvmUtil - [<clinit>,49] - isMultiInstance:false
17:02:29.624 [main] INFO  c.e.s.SpringbootWebsocketDemoApplication - [logStartupProfileInfo,667] - The following profiles are active: dev
17:02:31.084 [main] INFO  o.a.c.h.Http11NioProtocol - [log,173] - Initializing ProtocolHandler ["http-nio-8088"]
17:02:31.085 [main] INFO  o.a.c.c.StandardService - [log,173] - Starting service [Tomcat]
17:02:31.085 [main] INFO  o.a.c.c.StandardEngine - [log,173] - Starting Servlet engine: [Apache Tomcat/9.0.46]
17:02:31.159 [main] INFO  o.a.c.c.C.[.[.[/] - [log,173] - Initializing Spring embedded WebApplicationContext
17:02:35.201 [main] INFO  c.a.n.client.naming - [call,65] - initializer namespace from System Property :null
17:02:35.202 [main] INFO  c.a.n.client.naming - [call,74] - initializer namespace from System Environment :null
17:02:35.203 [main] INFO  c.a.n.client.naming - [call,84] - initializer namespace from System Property :null
17:02:35.756 [main] INFO  o.a.c.c.StandardService - [log,173] - Stopping service [Tomcat]
17:03:05.436 [main] INFO  c.a.n.c.c.i.LocalConfigInfoProcessor - [<clinit>,212] - LOCAL_SNAPSHOT_PATH:/Users/xiaozhou/nacos/config
17:03:05.465 [main] INFO  c.a.n.c.c.i.Limiter - [<clinit>,54] - limitTime:5.0
17:03:05.492 [main] INFO  c.a.n.c.c.u.JvmUtil - [<clinit>,49] - isMultiInstance:false
17:03:05.524 [main] INFO  c.e.s.SpringbootWebsocketDemoApplication - [logStartupProfileInfo,667] - The following profiles are active: dev
17:03:07.048 [main] INFO  o.a.c.h.Http11NioProtocol - [log,173] - Initializing ProtocolHandler ["http-nio-8088"]
17:03:07.048 [main] INFO  o.a.c.c.StandardService - [log,173] - Starting service [Tomcat]
17:03:07.049 [main] INFO  o.a.c.c.StandardEngine - [log,173] - Starting Servlet engine: [Apache Tomcat/9.0.46]
17:03:07.128 [main] INFO  o.a.c.c.C.[.[.[/] - [log,173] - Initializing Spring embedded WebApplicationContext
17:03:41.350 [main] INFO  c.a.n.client.naming - [call,65] - initializer namespace from System Property :null
17:03:41.353 [main] INFO  c.a.n.client.naming - [call,74] - initializer namespace from System Environment :null
17:03:41.355 [main] INFO  c.a.n.client.naming - [call,84] - initializer namespace from System Property :null
17:04:30.097 [main] INFO  o.a.c.c.StandardService - [log,173] - Stopping service [Tomcat]
17:05:34.481 [main] INFO  c.a.n.c.c.i.LocalConfigInfoProcessor - [<clinit>,212] - LOCAL_SNAPSHOT_PATH:/Users/xiaozhou/nacos/config
17:05:34.506 [main] INFO  c.a.n.c.c.i.Limiter - [<clinit>,54] - limitTime:5.0
17:05:34.531 [main] INFO  c.a.n.c.c.u.JvmUtil - [<clinit>,49] - isMultiInstance:false
17:05:34.557 [main] INFO  c.e.s.SpringbootWebsocketDemoApplication - [logStartupProfileInfo,667] - The following profiles are active: dev
17:05:35.981 [main] INFO  o.a.c.h.Http11NioProtocol - [log,173] - Initializing ProtocolHandler ["http-nio-8088"]
17:05:35.981 [main] INFO  o.a.c.c.StandardService - [log,173] - Starting service [Tomcat]
17:05:35.982 [main] INFO  o.a.c.c.StandardEngine - [log,173] - Starting Servlet engine: [Apache Tomcat/9.0.46]
17:05:36.053 [main] INFO  o.a.c.c.C.[.[.[/] - [log,173] - Initializing Spring embedded WebApplicationContext
17:05:39.062 [main] INFO  c.a.n.client.naming - [call,65] - initializer namespace from System Property :null
17:05:39.064 [main] INFO  c.a.n.client.naming - [call,74] - initializer namespace from System Environment :null
17:05:39.066 [main] INFO  c.a.n.client.naming - [call,84] - initializer namespace from System Property :null
17:05:53.880 [main] INFO  o.a.c.c.StandardService - [log,173] - Stopping service [Tomcat]
17:12:10.335 [main] INFO  c.a.n.c.c.i.LocalConfigInfoProcessor - [<clinit>,212] - LOCAL_SNAPSHOT_PATH:/Users/xiaozhou/nacos/config
17:12:10.359 [main] INFO  c.a.n.c.c.i.Limiter - [<clinit>,54] - limitTime:5.0
17:12:10.384 [main] INFO  c.a.n.c.c.u.JvmUtil - [<clinit>,49] - isMultiInstance:false
17:12:10.411 [main] INFO  c.e.s.SpringbootWebsocketDemoApplication - [logStartupProfileInfo,667] - The following profiles are active: dev
17:12:11.810 [main] INFO  o.a.c.h.Http11NioProtocol - [log,173] - Initializing ProtocolHandler ["http-nio-8088"]
17:12:11.810 [main] INFO  o.a.c.c.StandardService - [log,173] - Starting service [Tomcat]
17:12:11.811 [main] INFO  o.a.c.c.StandardEngine - [log,173] - Starting Servlet engine: [Apache Tomcat/9.0.46]
17:12:11.885 [main] INFO  o.a.c.c.C.[.[.[/] - [log,173] - Initializing Spring embedded WebApplicationContext
17:12:15.018 [main] INFO  c.a.n.client.naming - [call,65] - initializer namespace from System Property :null
17:12:15.019 [main] INFO  c.a.n.client.naming - [call,74] - initializer namespace from System Environment :null
17:12:15.019 [main] INFO  c.a.n.client.naming - [call,84] - initializer namespace from System Property :null
17:12:15.440 [main] INFO  o.a.c.c.StandardService - [log,173] - Stopping service [Tomcat]
17:12:32.571 [main] INFO  c.a.n.c.c.i.LocalConfigInfoProcessor - [<clinit>,212] - LOCAL_SNAPSHOT_PATH:/Users/xiaozhou/nacos/config
17:12:32.597 [main] INFO  c.a.n.c.c.i.Limiter - [<clinit>,54] - limitTime:5.0
17:12:32.622 [main] INFO  c.a.n.c.c.u.JvmUtil - [<clinit>,49] - isMultiInstance:false
17:12:32.653 [main] INFO  c.e.s.SpringbootWebsocketDemoApplication - [logStartupProfileInfo,667] - The following profiles are active: dev
17:12:33.866 [main] INFO  o.a.c.h.Http11NioProtocol - [log,173] - Initializing ProtocolHandler ["http-nio-8088"]
17:12:33.867 [main] INFO  o.a.c.c.StandardService - [log,173] - Starting service [Tomcat]
17:12:33.867 [main] INFO  o.a.c.c.StandardEngine - [log,173] - Starting Servlet engine: [Apache Tomcat/9.0.46]
17:12:33.938 [main] INFO  o.a.c.c.C.[.[.[/] - [log,173] - Initializing Spring embedded WebApplicationContext
17:12:34.364 [main] INFO  c.a.n.client.naming - [call,65] - initializer namespace from System Property :null
17:12:34.365 [main] INFO  c.a.n.client.naming - [call,74] - initializer namespace from System Environment :null
17:12:34.365 [main] INFO  c.a.n.client.naming - [call,84] - initializer namespace from System Property :null
17:12:34.484 [main] INFO  c.e.s.c.DruidConfig - [dataSource,83] - database's url is jdbc:mysql://139.196.221.175:3306/netty_websocket?useUnicode=true&characterEncoding=UTF-8&serverTimezone=GMT%2b8&useSSL=true&tinyInt1isBit=false&useSSL=false
17:12:37.100 [main] INFO  c.a.d.p.DruidDataSource - [init,990] - {dataSource-1} inited
17:12:37.101 [main] INFO  c.e.s.c.DruidConfig - [dataSource,111] - <----------- The dataSource initialization is complete ---------->
17:12:37.619 [main] INFO  c.a.n.client.naming - [shutdown,147] - com.alibaba.nacos.client.naming.beat.BeatReactor do shutdown begin
17:12:37.619 [main] INFO  c.a.n.client.naming - [shutdown,149] - com.alibaba.nacos.client.naming.beat.BeatReactor do shutdown stop
17:12:37.619 [main] INFO  c.a.n.client.naming - [shutdown,409] - com.alibaba.nacos.client.naming.core.HostReactor do shutdown begin
17:12:37.619 [main] INFO  c.a.n.client.naming - [shutdown,121] - com.alibaba.nacos.client.naming.core.PushReceiver do shutdown begin
17:12:40.632 [main] INFO  c.a.n.client.naming - [shutdown,125] - com.alibaba.nacos.client.naming.core.PushReceiver do shutdown stop
17:12:40.633 [main] INFO  c.a.n.client.naming - [shutdown,132] - com.alibaba.nacos.client.naming.backups.FailoverReactor do shutdown begin
17:12:43.640 [main] INFO  c.a.n.client.naming - [shutdown,134] - com.alibaba.nacos.client.naming.backups.FailoverReactor do shutdown stop
17:12:43.641 [main] INFO  c.a.n.client.naming - [shutdown,414] - com.alibaba.nacos.client.naming.core.HostReactor do shutdown stop
17:12:43.642 [main] INFO  c.a.n.client.naming - [shutdown,719] - com.alibaba.nacos.client.naming.net.NamingProxy do shutdown begin
17:12:43.643 [main] INFO  c.a.n.c.i.CredentialWatcher - [stop,105] - [null] CredentialWatcher is stopped
17:12:43.643 [main] INFO  c.a.n.c.i.CredentialService - [free,98] - [null] CredentialService is freed
17:12:43.643 [main] INFO  c.a.n.client.naming - [shutdown,723] - com.alibaba.nacos.client.naming.net.NamingProxy do shutdown stop
17:12:43.645 [main] INFO  c.a.d.p.DruidDataSource - [close,2043] - {dataSource-1} closing ...
17:12:43.652 [main] INFO  c.a.d.p.DruidDataSource - [close,2116] - {dataSource-1} closed
17:12:43.653 [main] INFO  o.a.c.c.StandardService - [log,173] - Stopping service [Tomcat]
17:17:15.530 [main] INFO  c.a.n.c.c.i.LocalConfigInfoProcessor - [<clinit>,212] - LOCAL_SNAPSHOT_PATH:/Users/xiaozhou/nacos/config
17:17:15.561 [main] INFO  c.a.n.c.c.i.Limiter - [<clinit>,54] - limitTime:5.0
17:17:15.589 [main] INFO  c.a.n.c.c.u.JvmUtil - [<clinit>,49] - isMultiInstance:false
17:17:15.622 [main] INFO  c.e.s.SpringbootWebsocketDemoApplication - [logStartupProfileInfo,667] - The following profiles are active: dev
17:17:16.854 [main] INFO  o.a.c.h.Http11NioProtocol - [log,173] - Initializing ProtocolHandler ["http-nio-8088"]
17:17:16.855 [main] INFO  o.a.c.c.StandardService - [log,173] - Starting service [Tomcat]
17:17:16.855 [main] INFO  o.a.c.c.StandardEngine - [log,173] - Starting Servlet engine: [Apache Tomcat/9.0.46]
17:17:16.991 [main] INFO  o.a.c.c.C.[.[.[/] - [log,173] - Initializing Spring embedded WebApplicationContext
17:17:17.475 [main] INFO  c.a.n.client.naming - [call,65] - initializer namespace from System Property :null
17:17:17.476 [main] INFO  c.a.n.client.naming - [call,74] - initializer namespace from System Environment :null
17:17:17.476 [main] INFO  c.a.n.client.naming - [call,84] - initializer namespace from System Property :null
17:17:17.604 [main] INFO  c.e.s.c.DruidConfig - [dataSource,83] - database's url is jdbc:mysql://139.196.221.175:3306/netty_websocket?useUnicode=true&characterEncoding=UTF-8&serverTimezone=GMT%2b8&useSSL=true&tinyInt1isBit=false&useSSL=false
17:17:20.224 [main] INFO  c.a.d.p.DruidDataSource - [init,990] - {dataSource-1} inited
17:17:20.225 [main] INFO  c.e.s.c.DruidConfig - [dataSource,111] - <----------- The dataSource initialization is complete ---------->
17:17:20.768 [main] INFO  c.a.n.client.naming - [shutdown,147] - com.alibaba.nacos.client.naming.beat.BeatReactor do shutdown begin
17:17:20.768 [main] INFO  c.a.n.client.naming - [shutdown,149] - com.alibaba.nacos.client.naming.beat.BeatReactor do shutdown stop
17:17:20.769 [main] INFO  c.a.n.client.naming - [shutdown,409] - com.alibaba.nacos.client.naming.core.HostReactor do shutdown begin
17:17:20.769 [main] INFO  c.a.n.client.naming - [shutdown,121] - com.alibaba.nacos.client.naming.core.PushReceiver do shutdown begin
17:17:23.780 [main] INFO  c.a.n.client.naming - [shutdown,125] - com.alibaba.nacos.client.naming.core.PushReceiver do shutdown stop
17:17:23.780 [main] INFO  c.a.n.client.naming - [shutdown,132] - com.alibaba.nacos.client.naming.backups.FailoverReactor do shutdown begin
17:17:26.788 [main] INFO  c.a.n.client.naming - [shutdown,134] - com.alibaba.nacos.client.naming.backups.FailoverReactor do shutdown stop
17:17:26.789 [main] INFO  c.a.n.client.naming - [shutdown,414] - com.alibaba.nacos.client.naming.core.HostReactor do shutdown stop
17:17:26.789 [main] INFO  c.a.n.client.naming - [shutdown,719] - com.alibaba.nacos.client.naming.net.NamingProxy do shutdown begin
17:17:26.790 [main] INFO  c.a.n.c.i.CredentialWatcher - [stop,105] - [null] CredentialWatcher is stopped
17:17:26.791 [main] INFO  c.a.n.c.i.CredentialService - [free,98] - [null] CredentialService is freed
17:17:26.791 [main] INFO  c.a.n.client.naming - [shutdown,723] - com.alibaba.nacos.client.naming.net.NamingProxy do shutdown stop
17:17:26.793 [main] INFO  c.a.d.p.DruidDataSource - [close,2043] - {dataSource-1} closing ...
17:17:26.800 [main] INFO  c.a.d.p.DruidDataSource - [close,2116] - {dataSource-1} closed
17:17:26.801 [main] INFO  o.a.c.c.StandardService - [log,173] - Stopping service [Tomcat]
17:27:10.740 [main] INFO  c.a.n.c.c.i.LocalConfigInfoProcessor - [<clinit>,212] - LOCAL_SNAPSHOT_PATH:/Users/xiaozhou/nacos/config
17:27:10.764 [main] INFO  c.a.n.c.c.i.Limiter - [<clinit>,54] - limitTime:5.0
17:27:10.790 [main] INFO  c.a.n.c.c.u.JvmUtil - [<clinit>,49] - isMultiInstance:false
17:27:10.818 [main] INFO  c.e.s.SpringbootWebsocketDemoApplication - [logStartupProfileInfo,667] - The following profiles are active: dev
17:27:11.856 [main] INFO  o.a.c.h.Http11NioProtocol - [log,173] - Initializing ProtocolHandler ["http-nio-8088"]
17:27:11.857 [main] INFO  o.a.c.c.StandardService - [log,173] - Starting service [Tomcat]
17:27:11.857 [main] INFO  o.a.c.c.StandardEngine - [log,173] - Starting Servlet engine: [Apache Tomcat/9.0.46]
17:27:11.973 [main] INFO  o.a.c.c.C.[.[.[/] - [log,173] - Initializing Spring embedded WebApplicationContext
17:27:12.373 [main] INFO  c.a.n.client.naming - [call,65] - initializer namespace from System Property :null
17:27:12.374 [main] INFO  c.a.n.client.naming - [call,74] - initializer namespace from System Environment :null
17:27:12.374 [main] INFO  c.a.n.client.naming - [call,84] - initializer namespace from System Property :null
17:27:12.478 [main] INFO  c.e.s.c.DruidConfig - [dataSource,83] - database's url is jdbc:mysql://139.196.221.175:3306/netty_websocket?useUnicode=true&characterEncoding=UTF-8&serverTimezone=GMT%2b8&useSSL=true&tinyInt1isBit=false&useSSL=false
17:27:15.118 [main] INFO  c.a.d.p.DruidDataSource - [init,990] - {dataSource-1} inited
17:27:15.119 [main] INFO  c.e.s.c.DruidConfig - [dataSource,111] - <----------- The dataSource initialization is complete ---------->
17:27:15.545 [main] INFO  c.a.n.client.naming - [shutdown,147] - com.alibaba.nacos.client.naming.beat.BeatReactor do shutdown begin
17:27:15.545 [main] INFO  c.a.n.client.naming - [shutdown,149] - com.alibaba.nacos.client.naming.beat.BeatReactor do shutdown stop
17:27:15.545 [main] INFO  c.a.n.client.naming - [shutdown,409] - com.alibaba.nacos.client.naming.core.HostReactor do shutdown begin
17:27:15.546 [main] INFO  c.a.n.client.naming - [shutdown,121] - com.alibaba.nacos.client.naming.core.PushReceiver do shutdown begin
17:27:18.554 [main] INFO  c.a.n.client.naming - [shutdown,125] - com.alibaba.nacos.client.naming.core.PushReceiver do shutdown stop
17:27:18.554 [main] INFO  c.a.n.client.naming - [shutdown,132] - com.alibaba.nacos.client.naming.backups.FailoverReactor do shutdown begin
17:27:21.563 [main] INFO  c.a.n.client.naming - [shutdown,134] - com.alibaba.nacos.client.naming.backups.FailoverReactor do shutdown stop
17:27:21.564 [main] INFO  c.a.n.client.naming - [shutdown,414] - com.alibaba.nacos.client.naming.core.HostReactor do shutdown stop
17:27:21.564 [main] INFO  c.a.n.client.naming - [shutdown,719] - com.alibaba.nacos.client.naming.net.NamingProxy do shutdown begin
17:27:21.565 [main] INFO  c.a.n.c.i.CredentialWatcher - [stop,105] - [null] CredentialWatcher is stopped
17:27:21.565 [main] INFO  c.a.n.c.i.CredentialService - [free,98] - [null] CredentialService is freed
17:27:21.565 [main] INFO  c.a.n.client.naming - [shutdown,723] - com.alibaba.nacos.client.naming.net.NamingProxy do shutdown stop
17:27:21.567 [main] INFO  c.a.d.p.DruidDataSource - [close,2043] - {dataSource-1} closing ...
17:27:21.574 [main] INFO  c.a.d.p.DruidDataSource - [close,2116] - {dataSource-1} closed
17:27:21.575 [main] INFO  o.a.c.c.StandardService - [log,173] - Stopping service [Tomcat]
17:33:04.917 [main] INFO  c.e.s.SpringbootWebsocketDemoApplication - [logStartupProfileInfo,667] - The following profiles are active: dev
17:33:05.900 [main] INFO  o.a.c.h.Http11NioProtocol - [log,173] - Initializing ProtocolHandler ["http-nio-8088"]
17:33:05.901 [main] INFO  o.a.c.c.StandardService - [log,173] - Starting service [Tomcat]
17:33:05.901 [main] INFO  o.a.c.c.StandardEngine - [log,173] - Starting Servlet engine: [Apache Tomcat/9.0.46]
17:33:05.988 [main] INFO  o.a.c.c.C.[.[.[/] - [log,173] - Initializing Spring embedded WebApplicationContext
17:33:06.475 [main] INFO  c.e.s.c.DruidConfig - [dataSource,83] - database's url is jdbc:mysql://localhost:3306/netty_websocket?useUnicode=true&characterEncoding=UTF-8&serverTimezone=GMT%2b8&useSSL=true&tinyInt1isBit=false
17:33:06.481 [main] INFO  c.e.s.c.DruidConfig - [dataSource,87] - The password is encrypted. Start decrypting...
17:33:07.148 [main] INFO  c.a.d.p.DruidDataSource - [init,990] - {dataSource-1} inited
17:33:07.150 [main] INFO  c.e.s.c.DruidConfig - [dataSource,111] - <----------- The dataSource initialization is complete ---------->
17:33:07.151 [Druid-ConnectionPool-Create-1980953477] INFO  c.a.d.p.DruidAbstractDataSource - [setFailContinuous,1804] - {dataSource-1} failContinuous is true
17:34:23.446 [main] INFO  c.e.s.SpringbootWebsocketDemoApplication - [logStartupProfileInfo,667] - The following profiles are active: dev
17:34:24.555 [main] INFO  o.a.c.h.Http11NioProtocol - [log,173] - Initializing ProtocolHandler ["http-nio-8088"]
17:34:24.555 [main] INFO  o.a.c.c.StandardService - [log,173] - Starting service [Tomcat]
17:34:24.555 [main] INFO  o.a.c.c.StandardEngine - [log,173] - Starting Servlet engine: [Apache Tomcat/9.0.46]
17:34:24.645 [main] INFO  o.a.c.c.C.[.[.[/] - [log,173] - Initializing Spring embedded WebApplicationContext
17:34:25.148 [main] INFO  c.e.s.c.DruidConfig - [dataSource,83] - database's url is jdbc:mysql://localhost:3306/netty_websocket?useUnicode=true&characterEncoding=UTF-8&serverTimezone=GMT%2b8&useSSL=true&tinyInt1isBit=false
17:34:25.238 [main] INFO  c.a.d.p.DruidDataSource - [init,990] - {dataSource-1} inited
17:34:25.241 [main] INFO  c.e.s.c.DruidConfig - [dataSource,111] - <----------- The dataSource initialization is complete ---------->
17:34:25.241 [Druid-ConnectionPool-Create-800722348] INFO  c.a.d.p.DruidAbstractDataSource - [setFailContinuous,1804] - {dataSource-1} failContinuous is true
17:35:09.287 [main] INFO  c.e.s.SpringbootWebsocketDemoApplication - [logStartupProfileInfo,667] - The following profiles are active: dev
17:35:10.399 [main] INFO  o.a.c.h.Http11NioProtocol - [log,173] - Initializing ProtocolHandler ["http-nio-8088"]
17:35:10.399 [main] INFO  o.a.c.c.StandardService - [log,173] - Starting service [Tomcat]
17:35:10.400 [main] INFO  o.a.c.c.StandardEngine - [log,173] - Starting Servlet engine: [Apache Tomcat/9.0.46]
17:35:10.500 [main] INFO  o.a.c.c.C.[.[.[/] - [log,173] - Initializing Spring embedded WebApplicationContext
17:35:11.055 [main] INFO  c.e.s.c.DruidConfig - [dataSource,83] - database's url is jdbc:mysql://localhost:3306/netty_websocket?useUnicode=true&characterEncoding=UTF-8&serverTimezone=GMT%2b8&useSSL=true&tinyInt1isBit=false
18:01:15.792 [main] INFO  c.a.d.p.DruidDataSource - [init,990] - {dataSource-1} inited
18:01:15.799 [main] INFO  c.e.s.c.DruidConfig - [dataSource,111] - <----------- The dataSource initialization is complete ---------->
18:01:15.801 [Druid-ConnectionPool-Create-30573521] INFO  c.a.d.p.DruidAbstractDataSource - [setFailContinuous,1804] - {dataSource-1} failContinuous is true
19:39:06.843 [main] INFO  c.e.s.SpringbootWebsocketDemoApplication - [logStartupProfileInfo,667] - The following profiles are active: dev
19:39:08.391 [main] INFO  o.a.c.h.Http11NioProtocol - [log,173] - Initializing ProtocolHandler ["http-nio-8088"]
19:39:08.392 [main] INFO  o.a.c.c.StandardService - [log,173] - Starting service [Tomcat]
19:39:08.392 [main] INFO  o.a.c.c.StandardEngine - [log,173] - Starting Servlet engine: [Apache Tomcat/9.0.46]
19:39:08.500 [main] INFO  o.a.c.c.C.[.[.[/] - [log,173] - Initializing Spring embedded WebApplicationContext
19:39:09.164 [main] INFO  c.e.s.c.DruidConfig - [dataSource,83] - database's url is jdbc:mysql://localhost:3306/netty_websocket?useUnicode=true&characterEncoding=UTF-8&serverTimezone=GMT%2b8&useSSL=true&tinyInt1isBit=false
19:40:27.044 [main] INFO  c.e.s.SpringbootWebsocketDemoApplication - [logStartupProfileInfo,667] - The following profiles are active: dev
19:40:28.542 [main] INFO  o.a.c.h.Http11NioProtocol - [log,173] - Initializing ProtocolHandler ["http-nio-8088"]
19:40:28.542 [main] INFO  o.a.c.c.StandardService - [log,173] - Starting service [Tomcat]
19:40:28.543 [main] INFO  o.a.c.c.StandardEngine - [log,173] - Starting Servlet engine: [Apache Tomcat/9.0.46]
19:40:28.657 [main] INFO  o.a.c.c.C.[.[.[/] - [log,173] - Initializing Spring embedded WebApplicationContext
19:40:29.297 [main] INFO  c.e.s.c.DruidConfig - [dataSource,83] - database's url is jdbc:mysql://localhost:3306/netty_websocket?useUnicode=true&characterEncoding=UTF-8&serverTimezone=GMT%2b8&useSSL=true&tinyInt1isBit=false
19:40:56.610 [main] INFO  c.a.d.p.DruidDataSource - [init,990] - {dataSource-1} inited
19:40:56.614 [main] INFO  c.e.s.c.DruidConfig - [dataSource,111] - <----------- The dataSource initialization is complete ---------->
19:40:56.615 [Druid-ConnectionPool-Create-955652084] INFO  c.a.d.p.DruidAbstractDataSource - [setFailContinuous,1804] - {dataSource-1} failContinuous is true
20:19:55.053 [main] INFO  c.e.s.SpringbootWebsocketDemoApplication - [logStartupProfileInfo,667] - The following profiles are active: dev
20:19:56.428 [main] INFO  o.a.c.h.Http11NioProtocol - [log,173] - Initializing ProtocolHandler ["http-nio-8088"]
20:19:56.429 [main] INFO  o.a.c.c.StandardService - [log,173] - Starting service [Tomcat]
20:19:56.429 [main] INFO  o.a.c.c.StandardEngine - [log,173] - Starting Servlet engine: [Apache Tomcat/9.0.46]
20:19:56.530 [main] INFO  o.a.c.c.C.[.[.[/] - [log,173] - Initializing Spring embedded WebApplicationContext
20:19:57.164 [main] INFO  c.e.s.c.DruidConfig - [dataSource,83] - database's url is jdbc:mysql://localhost:3306/netty_websocket?useUnicode=true&characterEncoding=UTF-8&serverTimezone=GMT%2b8&useSSL=true&tinyInt1isBit=false
20:20:09.576 [main] INFO  c.a.d.p.DruidDataSource - [init,990] - {dataSource-1} inited
20:20:09.581 [main] INFO  c.e.s.c.DruidConfig - [dataSource,111] - <----------- The dataSource initialization is complete ---------->
20:20:09.583 [Druid-ConnectionPool-Create-1196307684] INFO  c.a.d.p.DruidAbstractDataSource - [setFailContinuous,1804] - {dataSource-1} failContinuous is true
20:28:11.153 [main] INFO  c.e.s.SpringbootWebsocketDemoApplication - [logStartupProfileInfo,667] - The following profiles are active: dev
20:28:12.323 [main] INFO  o.a.c.h.Http11NioProtocol - [log,173] - Initializing ProtocolHandler ["http-nio-8088"]
20:28:12.324 [main] INFO  o.a.c.c.StandardService - [log,173] - Starting service [Tomcat]
20:28:12.324 [main] INFO  o.a.c.c.StandardEngine - [log,173] - Starting Servlet engine: [Apache Tomcat/9.0.46]
20:28:12.405 [main] INFO  o.a.c.c.C.[.[.[/] - [log,173] - Initializing Spring embedded WebApplicationContext
20:28:13.008 [main] INFO  c.e.s.c.DruidConfig - [dataSource,83] - database's url is jdbc:mysql://localhost:3306/netty_websocket?useUnicode=true&characterEncoding=UTF-8&serverTimezone=GMT%2b8&useSSL=true&tinyInt1isBit=false
20:28:13.109 [main] INFO  c.a.d.p.DruidDataSource - [init,990] - {dataSource-1} inited
20:28:13.111 [main] INFO  c.e.s.c.DruidConfig - [dataSource,111] - <----------- The dataSource initialization is complete ---------->
20:28:13.111 [Druid-ConnectionPool-Create-1825656946] INFO  c.a.d.p.DruidAbstractDataSource - [setFailContinuous,1804] - {dataSource-1} failContinuous is true
20:31:20.753 [main] INFO  c.e.s.SpringbootWebsocketDemoApplication - [logStartupProfileInfo,667] - The following profiles are active: dev
20:31:22.165 [main] INFO  o.a.c.h.Http11NioProtocol - [log,173] - Initializing ProtocolHandler ["http-nio-8088"]
20:31:22.166 [main] INFO  o.a.c.c.StandardService - [log,173] - Starting service [Tomcat]
20:31:22.166 [main] INFO  o.a.c.c.StandardEngine - [log,173] - Starting Servlet engine: [Apache Tomcat/9.0.46]
20:31:22.277 [main] INFO  o.a.c.c.C.[.[.[/] - [log,173] - Initializing Spring embedded WebApplicationContext
20:31:22.876 [main] INFO  c.e.s.c.DruidConfig - [dataSource,83] - database's url is jdbc:mysql://localhost:3306/netty_websocket?useUnicode=true&characterEncoding=UTF-8&serverTimezone=GMT%2b8&useSSL=true&tinyInt1isBit=false
20:31:22.985 [main] INFO  c.a.d.p.DruidDataSource - [init,990] - {dataSource-1} inited
20:31:22.987 [main] INFO  c.e.s.c.DruidConfig - [dataSource,111] - <----------- The dataSource initialization is complete ---------->
20:31:22.988 [Druid-ConnectionPool-Create-532732340] INFO  c.a.d.p.DruidAbstractDataSource - [setFailContinuous,1804] - {dataSource-1} failContinuous is true
20:38:03.804 [main] INFO  c.e.s.SpringbootWebsocketDemoApplication - [logStartupProfileInfo,667] - The following profiles are active: dev
20:38:05.188 [main] INFO  o.a.c.h.Http11NioProtocol - [log,173] - Initializing ProtocolHandler ["http-nio-8088"]
20:38:05.189 [main] INFO  o.a.c.c.StandardService - [log,173] - Starting service [Tomcat]
20:38:05.189 [main] INFO  o.a.c.c.StandardEngine - [log,173] - Starting Servlet engine: [Apache Tomcat/9.0.46]
20:38:05.308 [main] INFO  o.a.c.c.C.[.[.[/] - [log,173] - Initializing Spring embedded WebApplicationContext
20:38:05.918 [main] INFO  c.e.s.c.DruidConfig - [dataSource,83] - database's url is jdbc:mysql://localhost:3306/netty_websocket?useUnicode=true&characterEncoding=UTF-8&serverTimezone=GMT%2b8&useSSL=true&tinyInt1isBit=false
20:42:02.797 [main] INFO  c.a.d.p.DruidDataSource - [init,990] - {dataSource-1} inited
20:42:02.802 [main] INFO  c.e.s.c.DruidConfig - [dataSource,111] - <----------- The dataSource initialization is complete ---------->
20:42:02.802 [Druid-ConnectionPool-Create-34737133] INFO  c.a.d.p.DruidAbstractDataSource - [setFailContinuous,1804] - {dataSource-1} failContinuous is true
20:44:03.576 [main] INFO  o.a.c.h.Http11NioProtocol - [log,173] - Starting ProtocolHandler ["http-nio-8088"]
20:44:03.603 [main] INFO  c.e.s.SpringbootWebsocketDemoApplication - [logStarted,61] - Started SpringbootWebsocketDemoApplication in 360.569 seconds (JVM running for 361.469)
20:59:39.831 [main] INFO  c.a.n.c.c.i.LocalConfigInfoProcessor - [<clinit>,212] - LOCAL_SNAPSHOT_PATH:/Users/xiaozhou/nacos/config
20:59:39.869 [main] INFO  c.a.n.c.c.i.Limiter - [<clinit>,54] - limitTime:5.0
20:59:41.717 [main] INFO  c.e.s.SpringbootWebsocketDemoApplication - [logStartupProfileInfo,667] - The following profiles are active: dev
20:59:43.164 [main] INFO  o.a.c.h.Http11NioProtocol - [log,173] - Initializing ProtocolHandler ["http-nio-8088"]
20:59:43.164 [main] INFO  o.a.c.c.StandardService - [log,173] - Starting service [Tomcat]
20:59:43.164 [main] INFO  o.a.c.c.StandardEngine - [log,173] - Starting Servlet engine: [Apache Tomcat/9.0.46]
20:59:43.311 [main] INFO  o.a.c.c.C.[.[.[/] - [log,173] - Initializing Spring embedded WebApplicationContext
20:59:43.990 [main] INFO  c.a.n.client.naming - [call,65] - initializer namespace from System Property :null
20:59:43.991 [main] INFO  c.a.n.client.naming - [call,74] - initializer namespace from System Environment :null
20:59:43.992 [main] INFO  c.a.n.client.naming - [call,84] - initializer namespace from System Property :null
20:59:44.165 [main] INFO  c.e.s.c.DruidConfig - [dataSource,83] - database's url is jdbc:mysql://localhost:3306/netty_websocket?useUnicode=true&characterEncoding=UTF-8&serverTimezone=GMT%2b8&useSSL=true&tinyInt1isBit=false
20:59:44.309 [main] INFO  c.a.d.p.DruidDataSource - [init,990] - {dataSource-1} inited
20:59:44.311 [main] INFO  c.e.s.c.DruidConfig - [dataSource,111] - <----------- The dataSource initialization is complete ---------->
20:59:44.312 [Druid-ConnectionPool-Create-1514721670] INFO  c.a.d.p.DruidAbstractDataSource - [setFailContinuous,1804] - {dataSource-1} failContinuous is true
21:01:23.106 [main] INFO  c.a.n.c.c.i.LocalConfigInfoProcessor - [<clinit>,212] - LOCAL_SNAPSHOT_PATH:/Users/xiaozhou/nacos/config
21:01:23.133 [main] INFO  c.a.n.c.c.i.Limiter - [<clinit>,54] - limitTime:5.0
21:01:23.181 [main] INFO  c.a.n.c.c.u.JvmUtil - [<clinit>,49] - isMultiInstance:false
21:01:23.207 [main] INFO  c.e.s.SpringbootWebsocketDemoApplication - [logStartupProfileInfo,667] - The following profiles are active: dev
21:01:24.375 [main] INFO  o.a.c.h.Http11NioProtocol - [log,173] - Initializing ProtocolHandler ["http-nio-8088"]
21:01:24.376 [main] INFO  o.a.c.c.StandardService - [log,173] - Starting service [Tomcat]
21:01:24.376 [main] INFO  o.a.c.c.StandardEngine - [log,173] - Starting Servlet engine: [Apache Tomcat/9.0.46]
21:01:24.508 [main] INFO  o.a.c.c.C.[.[.[/] - [log,173] - Initializing Spring embedded WebApplicationContext
21:01:24.985 [main] INFO  c.a.n.client.naming - [call,65] - initializer namespace from System Property :null
21:01:24.986 [main] INFO  c.a.n.client.naming - [call,74] - initializer namespace from System Environment :null
21:01:24.986 [main] INFO  c.a.n.client.naming - [call,84] - initializer namespace from System Property :null
21:01:25.101 [main] INFO  c.e.s.c.DruidConfig - [dataSource,83] - database's url is jdbc:mysql://139.196.221.175:3306/netty_websocket?useUnicode=true&characterEncoding=UTF-8&serverTimezone=GMT%2b8&useSSL=true&tinyInt1isBit=false&useSSL=false
21:01:27.713 [main] INFO  c.a.d.p.DruidDataSource - [init,990] - {dataSource-1} inited
21:01:27.714 [main] INFO  c.e.s.c.DruidConfig - [dataSource,111] - <----------- The dataSource initialization is complete ---------->
21:01:28.255 [main] INFO  c.a.n.client.naming - [shutdown,147] - com.alibaba.nacos.client.naming.beat.BeatReactor do shutdown begin
21:01:28.255 [main] INFO  c.a.n.client.naming - [shutdown,149] - com.alibaba.nacos.client.naming.beat.BeatReactor do shutdown stop
21:01:28.255 [main] INFO  c.a.n.client.naming - [shutdown,409] - com.alibaba.nacos.client.naming.core.HostReactor do shutdown begin
21:01:28.255 [main] INFO  c.a.n.client.naming - [shutdown,121] - com.alibaba.nacos.client.naming.core.PushReceiver do shutdown begin
21:01:31.270 [main] INFO  c.a.n.client.naming - [shutdown,125] - com.alibaba.nacos.client.naming.core.PushReceiver do shutdown stop
21:01:31.271 [main] INFO  c.a.n.client.naming - [shutdown,132] - com.alibaba.nacos.client.naming.backups.FailoverReactor do shutdown begin
21:01:34.285 [main] INFO  c.a.n.client.naming - [shutdown,134] - com.alibaba.nacos.client.naming.backups.FailoverReactor do shutdown stop
21:01:34.286 [main] INFO  c.a.n.client.naming - [shutdown,414] - com.alibaba.nacos.client.naming.core.HostReactor do shutdown stop
21:01:34.286 [main] INFO  c.a.n.client.naming - [shutdown,719] - com.alibaba.nacos.client.naming.net.NamingProxy do shutdown begin
21:01:34.287 [main] INFO  c.a.n.c.i.CredentialWatcher - [stop,105] - [null] CredentialWatcher is stopped
21:01:34.287 [main] INFO  c.a.n.c.i.CredentialService - [free,98] - [null] CredentialService is freed
21:01:34.287 [main] INFO  c.a.n.client.naming - [shutdown,723] - com.alibaba.nacos.client.naming.net.NamingProxy do shutdown stop
21:01:34.289 [main] INFO  c.a.d.p.DruidDataSource - [close,2043] - {dataSource-1} closing ...
21:01:34.297 [main] INFO  c.a.d.p.DruidDataSource - [close,2116] - {dataSource-1} closed
21:01:34.298 [main] INFO  o.a.c.c.StandardService - [log,173] - Stopping service [Tomcat]
21:18:05.196 [main] INFO  c.a.n.c.c.i.LocalConfigInfoProcessor - [<clinit>,212] - LOCAL_SNAPSHOT_PATH:/Users/xiaozhou/nacos/config
21:18:05.223 [main] INFO  c.a.n.c.c.i.Limiter - [<clinit>,54] - limitTime:5.0
21:18:05.262 [main] INFO  c.a.n.c.c.u.JvmUtil - [<clinit>,49] - isMultiInstance:false
21:18:05.292 [main] INFO  c.e.s.SpringbootWebsocketDemoApplication - [logStartupProfileInfo,667] - The following profiles are active: dev
21:18:06.489 [main] INFO  o.a.c.h.Http11NioProtocol - [log,173] - Initializing ProtocolHandler ["http-nio-8088"]
21:18:06.490 [main] INFO  o.a.c.c.StandardService - [log,173] - Starting service [Tomcat]
21:18:06.490 [main] INFO  o.a.c.c.StandardEngine - [log,173] - Starting Servlet engine: [Apache Tomcat/9.0.46]
21:18:06.620 [main] INFO  o.a.c.c.C.[.[.[/] - [log,173] - Initializing Spring embedded WebApplicationContext
21:18:07.082 [main] INFO  c.a.n.client.naming - [call,65] - initializer namespace from System Property :null
21:18:07.082 [main] INFO  c.a.n.client.naming - [call,74] - initializer namespace from System Environment :null
21:18:07.083 [main] INFO  c.a.n.client.naming - [call,84] - initializer namespace from System Property :null
21:18:07.196 [main] INFO  c.e.s.c.DruidConfig - [dataSource,83] - database's url is jdbc:mysql://139.196.221.175:3306/netty_websocket?useUnicode=true&characterEncoding=UTF-8&serverTimezone=GMT%2b8&useSSL=true&tinyInt1isBit=false&useSSL=false
21:18:09.737 [main] INFO  c.a.d.p.DruidDataSource - [init,990] - {dataSource-1} inited
21:18:09.738 [main] INFO  c.e.s.c.DruidConfig - [dataSource,111] - <----------- The dataSource initialization is complete ---------->
21:18:10.255 [main] INFO  c.a.n.client.naming - [shutdown,147] - com.alibaba.nacos.client.naming.beat.BeatReactor do shutdown begin
21:18:10.255 [main] INFO  c.a.n.client.naming - [shutdown,149] - com.alibaba.nacos.client.naming.beat.BeatReactor do shutdown stop
21:18:10.255 [main] INFO  c.a.n.client.naming - [shutdown,409] - com.alibaba.nacos.client.naming.core.HostReactor do shutdown begin
21:18:10.255 [main] INFO  c.a.n.client.naming - [shutdown,121] - com.alibaba.nacos.client.naming.core.PushReceiver do shutdown begin
21:18:13.267 [main] INFO  c.a.n.client.naming - [shutdown,125] - com.alibaba.nacos.client.naming.core.PushReceiver do shutdown stop
21:18:13.268 [main] INFO  c.a.n.client.naming - [shutdown,132] - com.alibaba.nacos.client.naming.backups.FailoverReactor do shutdown begin
21:18:16.281 [main] INFO  c.a.n.client.naming - [shutdown,134] - com.alibaba.nacos.client.naming.backups.FailoverReactor do shutdown stop
21:18:16.282 [main] INFO  c.a.n.client.naming - [shutdown,414] - com.alibaba.nacos.client.naming.core.HostReactor do shutdown stop
21:18:16.282 [main] INFO  c.a.n.client.naming - [shutdown,719] - com.alibaba.nacos.client.naming.net.NamingProxy do shutdown begin
21:18:16.283 [main] INFO  c.a.n.c.i.CredentialWatcher - [stop,105] - [null] CredentialWatcher is stopped
21:18:16.283 [main] INFO  c.a.n.c.i.CredentialService - [free,98] - [null] CredentialService is freed
21:18:16.283 [main] INFO  c.a.n.client.naming - [shutdown,723] - com.alibaba.nacos.client.naming.net.NamingProxy do shutdown stop
21:18:16.285 [main] INFO  c.a.d.p.DruidDataSource - [close,2043] - {dataSource-1} closing ...
21:18:16.291 [main] INFO  c.a.d.p.DruidDataSource - [close,2116] - {dataSource-1} closed
21:18:16.292 [main] INFO  o.a.c.c.StandardService - [log,173] - Stopping service [Tomcat]
21:24:12.733 [main] INFO  c.e.s.SpringbootWebsocketDemoApplication - [logStartupProfileInfo,667] - The following profiles are active: dev
21:24:14.318 [main] INFO  o.a.c.h.Http11NioProtocol - [log,173] - Initializing ProtocolHandler ["http-nio-8088"]
21:24:14.318 [main] INFO  o.a.c.c.StandardService - [log,173] - Starting service [Tomcat]
21:24:14.319 [main] INFO  o.a.c.c.StandardEngine - [log,173] - Starting Servlet engine: [Apache Tomcat/9.0.46]
21:24:14.443 [main] INFO  o.a.c.c.C.[.[.[/] - [log,173] - Initializing Spring embedded WebApplicationContext
21:24:14.905 [main] INFO  c.a.n.client.naming - [call,65] - initializer namespace from System Property :null
21:24:14.905 [main] INFO  c.a.n.client.naming - [call,74] - initializer namespace from System Environment :null
21:24:14.905 [main] INFO  c.a.n.client.naming - [call,84] - initializer namespace from System Property :null
21:24:15.033 [main] INFO  c.e.s.c.DruidConfig - [dataSource,83] - database's url is jdbc:mysql://139.196.221.175:3306/netty_websocket?useUnicode=true&characterEncoding=UTF-8&serverTimezone=GMT%2b8&useSSL=true&tinyInt1isBit=false&useSSL=false
21:24:17.723 [main] INFO  c.a.d.p.DruidDataSource - [init,990] - {dataSource-1} inited
21:24:17.724 [main] INFO  c.e.s.c.DruidConfig - [dataSource,111] - <----------- The dataSource initialization is complete ---------->
21:24:18.247 [main] INFO  c.a.n.client.naming - [shutdown,147] - com.alibaba.nacos.client.naming.beat.BeatReactor do shutdown begin
21:24:18.247 [main] INFO  c.a.n.client.naming - [shutdown,149] - com.alibaba.nacos.client.naming.beat.BeatReactor do shutdown stop
21:24:18.248 [main] INFO  c.a.n.client.naming - [shutdown,413] - com.alibaba.nacos.client.naming.core.HostReactor do shutdown begin
21:24:18.248 [main] INFO  c.a.n.client.naming - [shutdown,132] - com.alibaba.nacos.client.naming.core.PushReceiver do shutdown begin
21:24:21.262 [main] INFO  c.a.n.client.naming - [shutdown,136] - com.alibaba.nacos.client.naming.core.PushReceiver do shutdown stop
21:24:21.262 [main] INFO  c.a.n.client.naming - [shutdown,132] - com.alibaba.nacos.client.naming.backups.FailoverReactor do shutdown begin
21:24:24.273 [main] INFO  c.a.n.client.naming - [shutdown,134] - com.alibaba.nacos.client.naming.backups.FailoverReactor do shutdown stop
21:24:24.274 [main] INFO  c.a.n.client.naming - [shutdown,418] - com.alibaba.nacos.client.naming.core.HostReactor do shutdown stop
21:24:24.274 [main] INFO  c.a.n.client.naming - [shutdown,719] - com.alibaba.nacos.client.naming.net.NamingProxy do shutdown begin
21:24:24.275 [main] INFO  c.a.n.c.i.CredentialWatcher - [stop,105] - [null] CredentialWatcher is stopped
21:24:24.275 [main] INFO  c.a.n.c.i.CredentialService - [free,98] - [null] CredentialService is freed
21:24:24.275 [main] INFO  c.a.n.client.naming - [shutdown,723] - com.alibaba.nacos.client.naming.net.NamingProxy do shutdown stop
21:24:24.277 [main] INFO  c.a.d.p.DruidDataSource - [close,2043] - {dataSource-1} closing ...
21:24:24.283 [main] INFO  c.a.d.p.DruidDataSource - [close,2116] - {dataSource-1} closed
21:24:24.285 [main] INFO  o.a.c.c.StandardService - [log,173] - Stopping service [Tomcat]
21:31:40.039 [main] INFO  c.e.s.SpringbootWebsocketDemoApplication - [logStarting,55] - Starting SpringbootWebsocketDemoApplication using Java 1.8.0_311 on 192.168.5.14 with PID 4927 (/Users/xiaozhou/Desktop/project_space/self_create/netty-achieve-websocket-demo/springboot-websocket-demo/target/classes started by xiaozhou in /Users/xiaozhou/Desktop/project_space/self_create/netty-achieve-websocket-demo)
21:31:40.042 [main] INFO  c.e.s.SpringbootWebsocketDemoApplication - [logStartupProfileInfo,667] - The following profiles are active: dev
21:31:41.550 [main] INFO  o.a.c.h.Http11NioProtocol - [log,173] - Initializing ProtocolHandler ["http-nio-8088"]
21:31:41.551 [main] INFO  o.a.c.c.StandardService - [log,173] - Starting service [Tomcat]
21:31:41.551 [main] INFO  o.a.c.c.StandardEngine - [log,173] - Starting Servlet engine: [Apache Tomcat/9.0.46]
21:31:41.626 [main] INFO  o.a.c.c.C.[.[.[/] - [log,173] - Initializing Spring embedded WebApplicationContext
21:31:42.350 [main] INFO  c.e.s.c.DruidConfig - [dataSource,83] - database's url is jdbc:mysql://localhost:3306/netty_websocket?useUnicode=true&characterEncoding=UTF-8&serverTimezone=GMT%2b8&useSSL=true&tinyInt1isBit=false
21:31:42.472 [main] INFO  c.a.d.p.DruidDataSource - [init,990] - {dataSource-1} inited
21:31:42.474 [main] INFO  c.e.s.c.DruidConfig - [dataSource,111] - <----------- The dataSource initialization is complete ---------->
21:31:42.475 [Druid-ConnectionPool-Create-1739581705] INFO  c.a.d.p.DruidAbstractDataSource - [setFailContinuous,1804] - {dataSource-1} failContinuous is true
21:36:28.955 [main] INFO  c.e.s.SpringbootWebsocketDemoApplication - [logStartupProfileInfo,641] - The following profiles are active: dev
21:36:30.272 [main] INFO  o.a.c.h.Http11NioProtocol - [log,173] - Initializing ProtocolHandler ["http-nio-8088"]
21:36:30.317 [main] INFO  o.a.c.c.StandardService - [log,173] - Starting service [Tomcat]
21:36:30.317 [main] INFO  o.a.c.c.StandardEngine - [log,173] - Starting Servlet engine: [Apache Tomcat/9.0.56]
21:36:30.401 [main] INFO  o.a.c.c.C.[.[.[/] - [log,173] - Initializing Spring embedded WebApplicationContext
21:36:30.975 [main] INFO  c.a.n.client.naming - [call,65] - initializer namespace from System Property :null
21:36:30.975 [main] INFO  c.a.n.client.naming - [call,74] - initializer namespace from System Environment :null
21:36:30.976 [main] INFO  c.a.n.client.naming - [call,84] - initializer namespace from System Property :null
21:36:31.125 [main] INFO  c.e.s.c.DruidConfig - [dataSource,83] - database's url is jdbc:mysql://139.196.221.175:3306/netty_websocket?useUnicode=true&characterEncoding=UTF-8&serverTimezone=GMT%2b8&useSSL=true&tinyInt1isBit=false&useSSL=false
21:36:33.513 [main] INFO  c.a.d.p.DruidDataSource - [init,990] - {dataSource-1} inited
21:36:33.514 [main] INFO  c.e.s.c.DruidConfig - [dataSource,111] - <----------- The dataSource initialization is complete ---------->
21:36:34.247 [main] INFO  o.a.c.h.Http11NioProtocol - [log,173] - Starting ProtocolHandler ["http-nio-8088"]
21:36:34.259 [main] INFO  c.a.n.client.naming - [addBeatInfo,81] - [BEAT] adding beat: BeatInfo{port=8088, ip='192.168.5.14', weight=1.0, serviceName='DEFAULT_GROUP@@springboot.websocket.demo', cluster='DEFAULT', metadata={preserved.register.source=SPRING_CLOUD}, scheduled=false, period=5000, stopped=false} to beat map.
21:36:34.260 [main] INFO  c.a.n.client.naming - [registerService,230] - [REGISTER-SERVICE] ef370b2e-857e-45d3-9486-4ed919992aba registering service DEFAULT_GROUP@@springboot.websocket.demo with instance: Instance{instanceId='null', ip='192.168.5.14', port=8088, weight=1.0, healthy=true, enabled=true, ephemeral=true, clusterName='DEFAULT', serviceName='null', metadata={preserved.register.source=SPRING_CLOUD}}
21:36:34.271 [main] INFO  c.a.c.n.r.NacosServiceRegistry - [register,75] - nacos registry, DEFAULT_GROUP springboot.websocket.demo 192.168.5.14:8088 register finished
21:36:34.287 [main] INFO  c.e.s.SpringbootWebsocketDemoApplication - [logStarted,61] - Started SpringbootWebsocketDemoApplication in 6.304 seconds (JVM running for 7.16)
21:36:34.293 [main] INFO  c.a.n.c.c.i.ClientWorker - [addCacheDataIfAbsent,169] - [fixed-localhost_8848-ef370b2e-857e-45d3-9486-4ed919992aba] [subscribe] common-data-source3-dev.yaml+DEFAULT_GROUP+ef370b2e-857e-45d3-9486-4ed919992aba
21:36:34.294 [main] INFO  c.a.n.c.c.i.CacheData - [addListener,92] - [fixed-localhost_8848-ef370b2e-857e-45d3-9486-4ed919992aba] [add-listener] ok, tenant=ef370b2e-857e-45d3-9486-4ed919992aba, dataId=common-data-source3-dev.yaml, group=DEFAULT_GROUP, cnt=1
21:36:34.295 [main] INFO  c.a.c.n.r.NacosContextRefresher - [registerNacosListenersForApplications,105] - listening config: dataId=common-data-source3-dev.yaml, group=DEFAULT_GROUP
21:36:34.295 [main] INFO  c.a.n.c.c.i.ClientWorker - [addCacheDataIfAbsent,169] - [fixed-localhost_8848-ef370b2e-857e-45d3-9486-4ed919992aba] [subscribe] common-data-source3+DEFAULT_GROUP+ef370b2e-857e-45d3-9486-4ed919992aba
21:36:34.295 [main] INFO  c.a.n.c.c.i.CacheData - [addListener,92] - [fixed-localhost_8848-ef370b2e-857e-45d3-9486-4ed919992aba] [add-listener] ok, tenant=ef370b2e-857e-45d3-9486-4ed919992aba, dataId=common-data-source3, group=DEFAULT_GROUP, cnt=1
21:36:34.295 [main] INFO  c.a.c.n.r.NacosContextRefresher - [registerNacosListenersForApplications,105] - listening config: dataId=common-data-source3, group=DEFAULT_GROUP
21:36:34.295 [main] INFO  c.a.n.c.c.i.ClientWorker - [addCacheDataIfAbsent,169] - [fixed-localhost_8848-ef370b2e-857e-45d3-9486-4ed919992aba] [subscribe] common-data-source3.yaml+DEFAULT_GROUP+ef370b2e-857e-45d3-9486-4ed919992aba
21:36:34.296 [main] INFO  c.a.n.c.c.i.CacheData - [addListener,92] - [fixed-localhost_8848-ef370b2e-857e-45d3-9486-4ed919992aba] [add-listener] ok, tenant=ef370b2e-857e-45d3-9486-4ed919992aba, dataId=common-data-source3.yaml, group=DEFAULT_GROUP, cnt=1
21:36:34.296 [main] INFO  c.a.c.n.r.NacosContextRefresher - [registerNacosListenersForApplications,105] - listening config: dataId=common-data-source3.yaml, group=DEFAULT_GROUP
21:36:34.591 [RMI TCP Connection(1)-192.168.5.14] INFO  o.a.c.c.C.[.[.[/] - [log,173] - Initializing Spring DispatcherServlet 'dispatcherServlet'
21:36:34.762 [com.alibaba.nacos.naming.push.receiver] INFO  c.a.n.client.naming - [run,97] - received push data: {"type":"dom","data":"{\"name\":\"DEFAULT_GROUP@@springboot.websocket.demo\",\"clusters\":\"DEFAULT\",\"cacheMillis\":10000,\"hosts\":[{\"instanceId\":\"192.168.5.14#8088#DEFAULT#DEFAULT_GROUP@@springboot.websocket.demo\",\"ip\":\"192.168.5.14\",\"port\":8088,\"weight\":1.0,\"healthy\":true,\"enabled\":true,\"ephemeral\":true,\"clusterName\":\"DEFAULT\",\"serviceName\":\"DEFAULT_GROUP@@springboot.websocket.demo\",\"metadata\":{\"preserved.register.source\":\"SPRING_CLOUD\"},\"instanceHeartBeatTimeOut\":15000,\"ipDeleteTimeout\":30000,\"instanceHeartBeatInterval\":5000}],\"lastRefTime\":1690724194744,\"checksum\":\"\",\"allIPs\":false,\"reachProtectionThreshold\":false,\"valid\":true}","lastRefTime":10386558006666} from /192.168.5.14
21:36:34.770 [com.alibaba.nacos.naming.push.receiver] INFO  c.a.n.client.naming - [processServiceJson,232] - new ips(1) service: DEFAULT_GROUP@@springboot.websocket.demo@@DEFAULT -> [{"instanceId":"192.168.5.14#8088#DEFAULT#DEFAULT_GROUP@@springboot.websocket.demo","ip":"192.168.5.14","port":8088,"weight":1.0,"healthy":true,"enabled":true,"ephemeral":true,"clusterName":"DEFAULT","serviceName":"DEFAULT_GROUP@@springboot.websocket.demo","metadata":{"preserved.register.source":"SPRING_CLOUD"},"ipDeleteTimeout":30000,"instanceHeartBeatInterval":5000,"instanceHeartBeatTimeOut":15000}]
21:36:34.777 [com.alibaba.nacos.naming.push.receiver] INFO  c.a.n.client.naming - [processServiceJson,271] - current ips:(1) service: DEFAULT_GROUP@@springboot.websocket.demo@@DEFAULT -> [{"instanceId":"192.168.5.14#8088#DEFAULT#DEFAULT_GROUP@@springboot.websocket.demo","ip":"192.168.5.14","port":8088,"weight":1.0,"healthy":true,"enabled":true,"ephemeral":true,"clusterName":"DEFAULT","serviceName":"DEFAULT_GROUP@@springboot.websocket.demo","metadata":{"preserved.register.source":"SPRING_CLOUD"},"ipDeleteTimeout":30000,"instanceHeartBeatInterval":5000,"instanceHeartBeatTimeOut":15000}]
21:50:06.180 [SpringApplicationShutdownHook] INFO  c.a.c.n.r.NacosServiceRegistry - [deregister,94] - De-registering from Nacos Server now...
21:50:06.182 [SpringApplicationShutdownHook] INFO  c.a.n.client.naming - [removeBeatInfo,101] - [BEAT] removing beat: DEFAULT_GROUP@@springboot.websocket.demo:192.168.5.14:8088 from beat map.
21:50:06.182 [SpringApplicationShutdownHook] INFO  c.a.n.client.naming - [deregisterService,260] - [DEREGISTER-SERVICE] ef370b2e-857e-45d3-9486-4ed919992aba deregistering service DEFAULT_GROUP@@springboot.websocket.demo with instance: Instance{instanceId='null', ip='192.168.5.14', port=8088, weight=1.0, healthy=true, enabled=true, ephemeral=true, clusterName='DEFAULT', serviceName='null', metadata={}}
21:50:06.186 [SpringApplicationShutdownHook] INFO  c.a.c.n.r.NacosServiceRegistry - [deregister,114] - De-registration finished.
21:50:06.188 [SpringApplicationShutdownHook] INFO  c.a.n.client.naming - [shutdown,147] - com.alibaba.nacos.client.naming.beat.BeatReactor do shutdown begin
21:50:06.714 [com.alibaba.nacos.naming.push.receiver] INFO  c.a.n.client.naming - [run,97] - received push data: {"type":"dom","data":"{\"name\":\"DEFAULT_GROUP@@springboot.websocket.demo\",\"clusters\":\"DEFAULT\",\"cacheMillis\":10000,\"hosts\":[],\"lastRefTime\":1690725006710,\"checksum\":\"\",\"allIPs\":false,\"reachProtectionThreshold\":false,\"valid\":true}","lastRefTime":11198518526338} from /192.168.5.14
21:50:06.714 [com.alibaba.nacos.naming.push.receiver] INFO  c.a.n.client.naming - [processServiceJson,238] - removed ips(1) service: DEFAULT_GROUP@@springboot.websocket.demo@@DEFAULT -> [{"instanceId":"192.168.5.14#8088#DEFAULT#DEFAULT_GROUP@@springboot.websocket.demo","ip":"192.168.5.14","port":8088,"weight":1.0,"healthy":true,"enabled":true,"ephemeral":true,"clusterName":"DEFAULT","serviceName":"DEFAULT_GROUP@@springboot.websocket.demo","metadata":{"preserved.register.source":"SPRING_CLOUD"},"ipDeleteTimeout":30000,"instanceHeartBeatInterval":5000,"instanceHeartBeatTimeOut":15000}]
21:50:06.717 [com.alibaba.nacos.naming.push.receiver] INFO  c.a.n.client.naming - [processServiceJson,271] - current ips:(0) service: DEFAULT_GROUP@@springboot.websocket.demo@@DEFAULT -> []
21:50:09.201 [SpringApplicationShutdownHook] INFO  c.a.n.client.naming - [shutdown,149] - com.alibaba.nacos.client.naming.beat.BeatReactor do shutdown stop
21:50:09.202 [SpringApplicationShutdownHook] INFO  c.a.n.client.naming - [shutdown,413] - com.alibaba.nacos.client.naming.core.HostReactor do shutdown begin
21:50:12.212 [SpringApplicationShutdownHook] INFO  c.a.n.client.naming - [shutdown,132] - com.alibaba.nacos.client.naming.core.PushReceiver do shutdown begin
21:50:15.228 [SpringApplicationShutdownHook] INFO  c.a.n.client.naming - [shutdown,136] - com.alibaba.nacos.client.naming.core.PushReceiver do shutdown stop
21:50:15.228 [SpringApplicationShutdownHook] INFO  c.a.n.client.naming - [shutdown,132] - com.alibaba.nacos.client.naming.backups.FailoverReactor do shutdown begin
21:50:15.228 [SpringApplicationShutdownHook] INFO  c.a.n.client.naming - [shutdown,134] - com.alibaba.nacos.client.naming.backups.FailoverReactor do shutdown stop
21:50:15.229 [SpringApplicationShutdownHook] INFO  c.a.n.client.naming - [shutdown,418] - com.alibaba.nacos.client.naming.core.HostReactor do shutdown stop
21:50:15.229 [SpringApplicationShutdownHook] INFO  c.a.n.client.naming - [shutdown,719] - com.alibaba.nacos.client.naming.net.NamingProxy do shutdown begin
21:50:15.229 [SpringApplicationShutdownHook] INFO  c.a.n.c.i.CredentialWatcher - [stop,105] - [null] CredentialWatcher is stopped
21:50:15.230 [SpringApplicationShutdownHook] INFO  c.a.n.c.i.CredentialService - [free,98] - [null] CredentialService is freed
21:50:15.230 [SpringApplicationShutdownHook] INFO  c.a.n.client.naming - [shutdown,723] - com.alibaba.nacos.client.naming.net.NamingProxy do shutdown stop
21:50:15.233 [SpringApplicationShutdownHook] INFO  c.a.d.p.DruidDataSource - [close,2043] - {dataSource-1} closing ...
21:50:15.243 [SpringApplicationShutdownHook] INFO  c.a.d.p.DruidDataSource - [close,2116] - {dataSource-1} closed
